# Logfile created on 2013-12-29 03:52:45 +0100 by logger.rb/41954
I, [2013-12-29T03:52:45.578373 #23348]  INFO -- : 0:  rake (10.1.1) from /home/sascha/.rvm/gems/ruby-2.0.0-p353/specifications/rake-10.1.1.gemspec
I, [2013-12-29T03:52:45.587775 #23348]  INFO -- : 0:  i18n (0.6.9) from /home/sascha/.rvm/gems/ruby-2.0.0-p353/specifications/i18n-0.6.9.gemspec
I, [2013-12-29T03:52:45.588297 #23348]  INFO -- : 0:  minitest (4.7.5) from /home/sascha/.rvm/gems/ruby-2.0.0-p353/specifications/minitest-4.7.5.gemspec
I, [2013-12-29T03:52:45.588668 #23348]  INFO -- : 0:  multi_json (1.8.2) from /home/sascha/.rvm/gems/ruby-2.0.0-p353/specifications/multi_json-1.8.2.gemspec
I, [2013-12-29T03:52:45.589018 #23348]  INFO -- : 0:  atomic (1.1.14) from /home/sascha/.rvm/gems/ruby-2.0.0-p353/specifications/atomic-1.1.14.gemspec
I, [2013-12-29T03:52:45.589374 #23348]  INFO -- : 0:  thread_safe (0.1.3) from /home/sascha/.rvm/gems/ruby-2.0.0-p353/specifications/thread_safe-0.1.3.gemspec
I, [2013-12-29T03:52:45.589727 #23348]  INFO -- : 0:  tzinfo (0.3.38) from /home/sascha/.rvm/gems/ruby-2.0.0-p353/specifications/tzinfo-0.3.38.gemspec
I, [2013-12-29T03:52:45.590111 #23348]  INFO -- : 0:  activesupport (4.0.2) from /home/sascha/.rvm/gems/ruby-2.0.0-p353/specifications/activesupport-4.0.2.gemspec
I, [2013-12-29T03:52:45.590466 #23348]  INFO -- : 0:  addressable (2.3.5) from /home/sascha/.rvm/gems/ruby-2.0.0-p353/specifications/addressable-2.3.5.gemspec
I, [2013-12-29T03:52:45.590815 #23348]  INFO -- : 0:  builder (3.2.2) from /home/sascha/.rvm/gems/ruby-2.0.0-p353/specifications/builder-3.2.2.gemspec
I, [2013-12-29T03:52:45.591169 #23348]  INFO -- : 0:  mime-types (2.0) from /home/sascha/.rvm/gems/ruby-2.0.0-p353/specifications/mime-types-2.0.gemspec
I, [2013-12-29T03:52:45.591517 #23348]  INFO -- : 0:  rest-client (1.6.7) from /home/sascha/.rvm/gems/ruby-2.0.0-p353/specifications/rest-client-1.6.7.gemspec
I, [2013-12-29T03:52:45.591862 #23348]  INFO -- : 0:  docile (1.1.1) from /home/sascha/.rvm/gems/ruby-2.0.0-p353/specifications/docile-1.1.1.gemspec
I, [2013-12-29T03:52:45.592217 #23348]  INFO -- : 0:  simplecov-html (0.8.0) from /home/sascha/.rvm/gems/ruby-2.0.0-p353/specifications/simplecov-html-0.8.0.gemspec
I, [2013-12-29T03:52:45.592564 #23348]  INFO -- : 0:  simplecov (0.8.2) from /home/sascha/.rvm/gems/ruby-2.0.0-p353/specifications/simplecov-0.8.2.gemspec
I, [2013-12-29T03:52:45.592909 #23348]  INFO -- : 0:  tins (0.13.1) from /home/sascha/.rvm/gems/ruby-2.0.0-p353/specifications/tins-0.13.1.gemspec
I, [2013-12-29T03:52:45.593280 #23348]  INFO -- : 0:  term-ansicolor (1.2.2) from /home/sascha/.rvm/gems/ruby-2.0.0-p353/specifications/term-ansicolor-1.2.2.gemspec
I, [2013-12-29T03:52:45.593630 #23348]  INFO -- : 0:  thor (0.18.1) from /home/sascha/.rvm/gems/ruby-2.0.0-p353/specifications/thor-0.18.1.gemspec
I, [2013-12-29T03:52:45.593976 #23348]  INFO -- : 0:  coveralls (0.7.0) from /home/sascha/.rvm/gems/ruby-2.0.0-p353/specifications/coveralls-0.7.0.gemspec
I, [2013-12-29T03:52:45.594335 #23348]  INFO -- : 0:  diff-lcs (1.2.5) from /home/sascha/.rvm/gems/ruby-2.0.0-p353/specifications/diff-lcs-1.2.5.gemspec
I, [2013-12-29T03:52:45.594688 #23348]  INFO -- : 0:  dir (0.1.2) from /home/sascha/.rvm/gems/ruby-2.0.0-p353/specifications/dir-0.1.2.gemspec
I, [2013-12-29T03:52:45.595038 #23348]  INFO -- : 0:  unf_ext (0.0.6) from /home/sascha/.rvm/gems/ruby-2.0.0-p353/specifications/unf_ext-0.0.6.gemspec
I, [2013-12-29T03:52:45.595473 #23348]  INFO -- : 0:  unf (0.1.3) from /home/sascha/.rvm/gems/ruby-2.0.0-p353/specifications/unf-0.1.3.gemspec
I, [2013-12-29T03:52:45.595829 #23348]  INFO -- : 0:  domain_name (0.5.15) from /home/sascha/.rvm/gems/ruby-2.0.0-p353/specifications/domain_name-0.5.15.gemspec
I, [2013-12-29T03:52:45.596197 #23348]  INFO -- : 0:  multipart-post (1.2.0) from /home/sascha/.rvm/gems/ruby-2.0.0-p353/specifications/multipart-post-1.2.0.gemspec
I, [2013-12-29T03:52:45.596546 #23348]  INFO -- : 0:  faraday (0.8.8) from /home/sascha/.rvm/gems/ruby-2.0.0-p353/specifications/faraday-0.8.8.gemspec
I, [2013-12-29T03:52:45.596891 #23348]  INFO -- : 0:  rmagick (2.13.2) from /home/sascha/.rvm/gems/ruby-2.0.0-p353/specifications/rmagick-2.13.2.gemspec
I, [2013-12-29T03:52:45.597282 #23348]  INFO -- : 0:  fileutils (0.7) from /home/sascha/.rvm/gems/ruby-2.0.0-p353/specifications/fileutils-0.7.gemspec
I, [2013-12-29T03:52:45.597643 #23348]  INFO -- : 0:  git (1.2.6) from /home/sascha/.rvm/gems/ruby-2.0.0-p353/specifications/git-1.2.6.gemspec
I, [2013-12-29T03:52:45.598012 #23348]  INFO -- : 0:  hashie (2.0.5) from /home/sascha/.rvm/gems/ruby-2.0.0-p353/specifications/hashie-2.0.5.gemspec
I, [2013-12-29T03:52:45.598387 #23348]  INFO -- : 0:  nokogiri (1.5.10) from /home/sascha/.rvm/gems/ruby-2.0.0-p353/specifications/nokogiri-1.5.10.gemspec
I, [2013-12-29T03:52:45.598736 #23348]  INFO -- : 0:  httpauth (0.2.0) from /home/sascha/.rvm/gems/ruby-2.0.0-p353/specifications/httpauth-0.2.0.gemspec
I, [2013-12-29T03:52:45.599096 #23348]  INFO -- : 0:  jwt (0.1.8) from /home/sascha/.rvm/gems/ruby-2.0.0-p353/specifications/jwt-0.1.8.gemspec
I, [2013-12-29T03:52:45.599454 #23348]  INFO -- : 0:  multi_xml (0.5.5) from /home/sascha/.rvm/gems/ruby-2.0.0-p353/specifications/multi_xml-0.5.5.gemspec
I, [2013-12-29T03:52:45.599809 #23348]  INFO -- : 0:  rack (1.5.2) from /home/sascha/.rvm/gems/ruby-2.0.0-p353/specifications/rack-1.5.2.gemspec
I, [2013-12-29T03:52:45.600179 #23348]  INFO -- : 0:  oauth2 (0.9.2) from /home/sascha/.rvm/gems/ruby-2.0.0-p353/specifications/oauth2-0.9.2.gemspec
I, [2013-12-29T03:52:45.600508 #23348]  INFO -- : 0:  github_api (0.10.1) from /home/sascha/.rvm/gems/ruby-2.0.0-p353/specifications/github_api-0.10.1.gemspec
I, [2013-12-29T03:52:45.600724 #23348]  INFO -- : 0:  highline (1.6.20) from /home/sascha/.rvm/gems/ruby-2.0.0-p353/specifications/highline-1.6.20.gemspec
I, [2013-12-29T03:52:45.600941 #23348]  INFO -- : 0:  http-cookie (1.0.2) from /home/sascha/.rvm/gems/ruby-2.0.0-p353/specifications/http-cookie-1.0.2.gemspec
I, [2013-12-29T03:52:45.601159 #23348]  INFO -- : 0:  bundler (1.5.1) from /home/sascha/.rvm/gems/ruby-2.0.0-p353/specifications/bundler-1.5.1.gemspec
I, [2013-12-29T03:52:45.601380 #23348]  INFO -- : 0:  json (1.8.1) from /home/sascha/.rvm/gems/ruby-2.0.0-p353/specifications/json-1.8.1.gemspec
I, [2013-12-29T03:52:45.601601 #23348]  INFO -- : 0:  rdoc (4.1.0) from /home/sascha/.rvm/gems/ruby-2.0.0-p353/specifications/rdoc-4.1.0.gemspec
I, [2013-12-29T03:52:45.601813 #23348]  INFO -- : 0:  jeweler (1.8.8) from /home/sascha/.rvm/gems/ruby-2.0.0-p353/specifications/jeweler-1.8.8.gemspec
I, [2013-12-29T03:52:45.602035 #23348]  INFO -- : 0:  net-http-digest_auth (1.4) from /home/sascha/.rvm/gems/ruby-2.0.0-p353/specifications/net-http-digest_auth-1.4.gemspec
I, [2013-12-29T03:52:45.602261 #23348]  INFO -- : 0:  net-http-persistent (2.9) from /home/sascha/.rvm/gems/ruby-2.0.0-p353/specifications/net-http-persistent-2.9.gemspec
I, [2013-12-29T03:52:45.602478 #23348]  INFO -- : 0:  ntlm-http (0.1.1) from /home/sascha/.rvm/gems/ruby-2.0.0-p353/specifications/ntlm-http-0.1.1.gemspec
I, [2013-12-29T03:52:45.602690 #23348]  INFO -- : 0:  webrobots (0.1.1) from /home/sascha/.rvm/gems/ruby-2.0.0-p353/specifications/webrobots-0.1.1.gemspec
I, [2013-12-29T03:52:45.602915 #23348]  INFO -- : 0:  mechanize (2.7.3) from /home/sascha/.rvm/gems/ruby-2.0.0-p353/specifications/mechanize-2.7.3.gemspec
I, [2013-12-29T03:52:45.603136 #23348]  INFO -- : 0:  parseconfig (1.0.4) from /home/sascha/.rvm/gems/ruby-2.0.0-p353/specifications/parseconfig-1.0.4.gemspec
I, [2013-12-29T03:52:45.603355 #23348]  INFO -- : 0:  progressbar (0.21.0) from /home/sascha/.rvm/gems/ruby-2.0.0-p353/specifications/progressbar-0.21.0.gemspec
I, [2013-12-29T03:52:45.603569 #23348]  INFO -- : 0:  rspec-core (2.14.7) from /home/sascha/.rvm/gems/ruby-2.0.0-p353/specifications/rspec-core-2.14.7.gemspec
I, [2013-12-29T03:52:45.603790 #23348]  INFO -- : 0:  rspec-expectations (2.14.4) from /home/sascha/.rvm/gems/ruby-2.0.0-p353/specifications/rspec-expectations-2.14.4.gemspec
I, [2013-12-29T03:52:45.604003 #23348]  INFO -- : 0:  rspec-mocks (2.14.4) from /home/sascha/.rvm/gems/ruby-2.0.0-p353/specifications/rspec-mocks-2.14.4.gemspec
I, [2013-12-29T03:52:45.604240 #23348]  INFO -- : 0:  rspec (2.14.1) from /home/sascha/.rvm/gems/ruby-2.0.0-p353/specifications/rspec-2.14.1.gemspec
I, [2013-12-29T03:52:45.604458 #23348]  INFO -- : 0:  shoulda-context (1.1.6) from /home/sascha/.rvm/gems/ruby-2.0.0-p353/specifications/shoulda-context-1.1.6.gemspec
I, [2013-12-29T03:52:45.604676 #23348]  INFO -- : 0:  shoulda-matchers (2.4.0) from /home/sascha/.rvm/gems/ruby-2.0.0-p353/specifications/shoulda-matchers-2.4.0.gemspec
I, [2013-12-29T03:52:45.604889 #23348]  INFO -- : 0:  shoulda (3.5.0) from /home/sascha/.rvm/gems/ruby-2.0.0-p353/specifications/shoulda-3.5.0.gemspec
I, [2013-12-29T03:52:45.605109 #23348]  INFO -- : 0:  streamio-ffmpeg (1.0.0) from /home/sascha/.rvm/gems/ruby-2.0.0-p353/specifications/streamio-ffmpeg-1.0.0.gemspec
I, [2013-12-29T03:52:45.605328 #23348]  INFO -- : 0:  viddl-rb (0.87) from /home/sascha/.rvm/gems/ruby-2.0.0-p353/specifications/viddl-rb-0.87.gemspec
